[2025-07-31 14:27:26] [TRACE]   [OmnipathR] Reading JSON from `C:\Users\kailasamms\AppData\Local\Cache\OmnipathR/cache.json` (encoding: UTF-8).
[2025-07-31 14:27:26] [TRACE]   [OmnipathR] JSON validation successful: TRUE
[2025-07-31 14:27:26] [INFO]    [OmnipathR] Initialized cache: `C:\Users\kailasamms\AppData\Local\Cache\OmnipathR`.
[2025-07-31 14:27:26] [INFO]    [OmnipathR] Package `OmnipathR` packaged: 2025-04-16 02:45:43 UTC; biocbuild
[2025-07-31 14:27:26] [INFO]    [OmnipathR] Package `OmnipathR` date/publication: 2025-04-15
[2025-07-31 14:27:26] [INFO]    [OmnipathR] Package `OmnipathR` built: R 4.5.0; ; 2025-04-16 15:04:46 UTC; windows
[2025-07-31 14:27:26] [INFO]    [OmnipathR] Package `OmnipathR` version: 3.16.0
[2025-07-31 14:27:26] [INFO]    [OmnipathR] Package `OmnipathR` repository: Bioconductor 3.21
[2025-07-31 14:27:34] [INFO]    [OmnipathR] Session info: [version=R version 4.5.1 (2025-06-13 ucrt); os=Windows 11 x64 (build 22631); system=x86_64, mingw32; ui=RStudio; language=(EN); collate=English_United States.utf8; ctype=English_United States.utf8; tz=America/Los_Angeles; date=2025-07-31; rstudio=2025.05.1+513 Mariposa Orchid (desktop); pandoc=3.4 @ C:/Program Files/RStudio/resources/app/bin/quarto/bin/tools/ (via rmarkdown); quarto=ERROR: Unknown command "TMPDIR=C:/Users/kailasamms/AppData/Local/Temp/RtmpecqhrZ/file4a786c066dbc". Did you mean command "install"? @ C:\PROGRA~1\RStudio\RESOUR~1\app\bin\quarto\bin\quarto.exe]
[2025-07-31 14:27:34] [INFO]    [OmnipathR] External libraries: [cairo=1.18.4; cairoFT=; pango=; png=1.6.48; jpeg=9.6; tiff=LIBTIFF, Version 4.7.0; tcl=8.6.16; curl=8.13.0; zlib=1.3.1; bzlib=1.0.8, 13-Jul-2019; xz=5.8.1; deflate=1.24; PCRE=10.45 2025-02-05; ICU=77.1; TRE=TRE 0.8.0 R_fixes (BSD); iconv=win_iconv; readline=; BLAS=; lapack=; lapack_version=3.12.1]
[2025-07-31 14:27:35] [INFO]    [OmnipathR] Loaded packages: abind 1.4-8(2024-09-12); annotate 1.86.1(2025-06-19); AnnotationDbi 1.70.0(2025-04-15); AnnotationFilter 1.32.0(2025-04-15); AnnotationHub 3.16.1(2025-07-21); ape 5.8-1(2024-12-16); aplot 0.2.8(2025-07-02); ashr 2.2-63(2023-08-21); askpass 1.2.1(2024-10-04); backports 1.5.0(2024-05-23); bcellViper 1.44.0(2025-04-17); beachmat 2.24.0(2025-04-15); beeswarm 0.4.0(2021-06-01); Biobase 2.68.0(2025-04-15); BiocFileCache 2.16.1(2025-07-21); BiocGenerics 0.54.0(2025-04-15); BiocIO 1.18.0(2025-04-15); BiocManager 1.30.26(2025-06-05); BiocParallel 1.42.1(2025-05-29); BiocSingular 1.24.0(2025-04-15); BiocVersion 3.21.1(2025-03-25); Biostrings 2.76.0(2025-04-15); bit 4.6.0(2025-03-06); bit64 4.6.0-1(2025-01-16); bitops 1.0-9(2024-10-03); blob 1.2.4(2023-03-17); broom 1.0.8(2025-03-28); cachem 1.1.0(2024-05-16); car 3.1-3(2024-09-27); carData 3.0-5(2022-01-06); cellranger 1.1.0(2016-07-27); checkmate 2.3.2(2024-07-29); circlize 0.4.16(2024-02-20); class 7.3-23(2025-01-01); cli 3.6.5(2025-04-23); clue 0.3-66(2024-11-13); cluster 2.1.8.1(2025-03-12); clusterProfiler 4.16.0(2025-04-15); codetools 0.2-20(2024-03-31); colorspace 2.1-1(2024-07-26); ComplexHeatmap 2.24.1(2025-06-23); cowplot 1.2.0(2025-07-07); crayon 1.5.3(2024-06-20); curl 6.4.0(2025-06-22); data.table 1.17.8(2025-07-10); DBI 1.2.3(2024-06-02); dbplyr 2.5.0(2024-03-19); decoupleR 2.9.7(2025-07-29); DelayedArray 0.34.1(2025-04-17); deldir 2.0-4(2024-02-28); DESeq2 1.48.1(2025-05-08); digest 0.6.37(2024-08-19); doParallel 1.0.17(2022-02-07); dorothea 1.20.0(2025-04-17); DOSE 4.2.0(2025-04-15); dotCall64 1.2(2024-10-04); dplyr 1.1.4(2023-11-17); e1071 1.7-16(2024-09-16); edgeR 4.6.3(2025-07-07); enrichplot 1.28.4(2025-07-14); ensembldb 2.32.0(2025-04-15); evaluate 1.0.4(2025-06-18); farver 2.1.2(2024-05-13); fastDummies 1.7.5(2025-01-20); fastmap 1.2.0(2024-05-15); fastmatch 1.1-6(2024-12-23); fgsea 1.34.2(2025-07-10); filelock 1.0.3(2023-12-11); fitdistrplus 1.2-4(2025-07-03); foreach 1.5.2(2022-02-02); formatR 1.14(2023-01-17); Formula 1.2-5(2023-02-24); fs 1.6.6(2025-04-12); futile.logger 1.4.3(2016-07-10); futile.options 1.0.1(2018-04-20); future 1.58.0(2025-06-05); future.apply 1.20.0(2025-06-06); genefilter 1.90.0(2025-04-15); generics 0.1.4(2025-05-09); GenomeInfoDb 1.44.1(2025-07-21); GenomeInfoDbData 1.2.14(2025-07-24); GenomicAlignments 1.44.0(2025-04-15); GenomicFeatures 1.60.0(2025-04-15); GenomicRanges 1.60.0(2025-04-15); GetoptLong 1.0.5(2020-12-15); ggbeeswarm 0.7.2(2023-04-29); ggfortify 0.4.18(2025-07-03); ggfun 0.2.0(2025-07-15); ggplot2 3.5.2(2025-04-09); ggplotify 0.1.2(2023-08-09); ggpubr 0.6.1(2025-06-27); ggrepel 0.9.6(2024-09-07); ggridges 0.5.6(2024-01-23); ggsignif 0.6.4(2022-10-13); ggtangle 0.0.7(2025-06-30); ggtree 3.16.3(2025-07-14); glmGamPoi 1.20.0(2025-04-15); GlobalOptions 0.1.2(2020-06-10); globals 0.18.0(2025-05-08); glue 1.8.0(2024-09-30); GO.db 3.21.0(2025-07-24); goftest 1.2-3(2021-10-07); GOSemSim 2.34.0(2025-04-15); graph 1.86.0(2025-04-15); gridExtra 2.3(2017-09-09); gridGraphics 0.5-1(2020-12-13); GSEABase 1.70.0(2025-04-15); gson 0.1.0(2023-03-07); GSVA 2.2.0(2025-04-15); gtable 0.3.6(2024-10-25); h5mread 1.0.1(2025-05-19); HDF5Array 1.36.0(2025-04-15); hms 1.1.3(2023-03-21); htmltools 0.5.8.1(2024-04-04); htmlwidgets 1.6.4(2023-12-06); httpuv 1.6.16(2025-04-16); httr 1.4.7(2023-08-15); httr2 1.2.1(2025-07-22); ica 1.0-3(2022-07-08); igraph 2.1.4(2025-01-23); invgamma 1.2(2025-07-02); IRanges 2.42.0(2025-04-15); irlba 2.3.5.1(2022-10-03); iterators 1.0.14(2022-02-05); jsonlite 2.0.0(2025-03-27); KEGGREST 1.48.1(2025-06-19); kernlab 0.9-33(2024-08-13); KernSmooth 2.23-26(2025-01-01); km.ci 0.5-6(2022-04-06); KMsurv 0.1-6(2025-05-20); knitr 1.50(2025-03-16); labeling 0.4.3(2023-08-29); lambda.r 1.2.4(2019-09-18); later 1.4.2(2025-04-08); lattice 0.22-7(2025-04-02); lazyeval 0.2.2(2019-03-15); lifecycle 1.0.4(2023-11-07); limma 3.64.1(2025-05-22); listenv 0.9.1(2024-01-29); lmtest 0.9-40(2022-03-21); locfit 1.5-9.12(2025-03-05); logger 0.4.0(2024-10-22); lubridate 1.9.4(2024-12-08); magick 2.8.7(2025-06-06); magrittr 2.0.3(2022-03-30); MASS 7.3-65(2025-02-28); Matrix 1.7-3(2025-03-11); MatrixGenerics 1.20.0(2025-04-15); matrixStats 1.5.0(2025-01-07); memoise 2.0.1(2021-11-26); mgcv 1.9-3(2025-04-04); mime 0.13(2025-03-17); miniUI 0.1.2(2025-04-17); misc3d 0.9-1(2021-10-07); mixsqp 0.3-54(2023-12-20); mixtools 2.0.0.1(2025-03-08); nlme 3.1-168(2025-03-31); OmnipathR 3.16.0(2025-04-15); openssl 2.3.3(2025-05-26); openxlsx 4.2.8(2025-01-25); org.Hs.eg.db 3.21.0(2025-07-24); org.Mm.eg.db 3.21.0(2025-07-24); parallelly 1.45.0(2025-06-02); patchwork 1.3.1(2025-06-21); pbapply 1.7-4(2025-07-20); pheatmap 1.0.13(2025-06-05); pillar 1.11.0(2025-07-04); pkgconfig 2.0.3(2019-09-22); plot3D 1.4.1(2024-02-06); plotly 4.11.0(2025-06-19); plyr 1.8.9(2023-10-02); png 0.1-8(2022-11-29); polyclip 1.10-7(2024-07-23); prettyunits 1.2.0(2023-09-24); progeny 1.30.0(2025-04-15); progress 1.2.3(2023-12-06); progressr 0.15.1(2024-11-22); promises 1.3.3(2025-05-29); ProtGenerics 1.40.0(2025-04-15); proxy 0.4-27(2022-06-09); purrr 1.1.0(2025-07-10); qvalue 2.40.0(2025-04-15); R.methodsS3 1.8.2(2022-06-13); R.oo 1.27.1(2025-05-02); R.utils 2.13.0(2025-02-24); R6 2.6.1(2025-02-15); RANN 2.6.2(2024-08-25); rappdirs 0.3.3(2021-01-31); RColorBrewer 1.1-3(2022-04-03); Rcpp 1.1.0(2025-07-02); RcppAnnoy 0.0.22(2024-01-23); RcppHNSW 0.6.0(2024-02-04); RCurl 1.98-1.17(2025-03-22); readr 2.1.5(2024-01-10); readxl 1.4.5(2025-03-07); remotes 2.5.0(2024-03-17); reshape2 1.4.4(2020-04-09); restfulr 0.0.16(2025-06-27); reticulate 1.43.0(2025-07-21); rhdf5 2.52.1(2025-06-05); rhdf5filters 1.20.0(2025-04-15); Rhdf5lib 1.30.0(2025-04-15); rjson 0.2.23(2024-09-16); rlang 1.1.6(2025-04-11); rmarkdown 2.29(2024-11-04); ROCR 1.0-11(2020-05-02); Rsamtools 2.24.0(2025-04-15); RSpectra 0.16-2(2024-07-18); RSQLite 2.4.2(2025-07-18); rstatix 0.7.2(2023-02-01); rsvd 1.0.5(2021-04-16); rtracklayer 1.68.0(2025-04-15); Rtsne 0.17(2023-12-07); rvest 1.0.4(2024-02-12); S4Arrays 1.8.1(2025-05-29); S4Vectors 0.46.0(2025-04-15); ScaledMatrix 1.16.0(2025-04-15); scales 1.4.0(2025-04-24); scattermore 1.2(2023-06-12); sctransform 0.4.2(2025-04-30); segmented 2.1-4(2025-02-28); sessioninfo 1.2.3(2025-02-05); Seurat 5.3.0(2025-04-23); SeuratObject 5.1.0(2025-04-22); shape 1.4.6.1(2024-02-23); shiny 1.11.1(2025-07-03); SingleCellExperiment 1.30.1(2025-05-05); snow 0.4-4(2021-10-27); sp 2.2-0(2025-02-01); spam 2.11-1(2025-01-20); SparseArray 1.8.1(2025-07-21); sparseMatrixStats 1.20.0(2025-04-15); SpatialExperiment 1.18.1(2025-05-08); spatstat.data 3.1-6(2025-03-17); spatstat.explore 3.5-2(2025-07-22); spatstat.geom 3.5-0(2025-07-20); spatstat.random 3.4-1(2025-05-20); spatstat.sparse 3.1-0(2024-06-21); spatstat.univar 3.1-4(2025-07-13); spatstat.utils 3.1-5(2025-07-17); SQUAREM 2021.1(2021-01-13); statmod 1.5.0(2023-01-06); stringi 1.8.7(2025-03-27); stringr 1.5.1(2023-11-14); SummarizedExperiment 1.38.1(2025-04-28); survival 3.8-3(2024-12-17); survminer 0.5.0(2024-10-30); survMisc 0.5.6(2022-04-07); sva 3.56.0(2025-04-15); tensor 1.5.1(2025-06-17); tibble 3.3.0(2025-06-08); tidyr 1.3.1(2024-01-24); tidyselect 1.2.1(2024-03-11); tidytree 0.4.6(2023-12-12); timechange 0.3.0(2024-01-18); treeio 1.32.0(2025-04-15); truncnorm 1.0-9(2023-03-20); tzdb 0.5.0(2025-03-15); UCSC.utils 1.4.0(2025-04-15); umap 0.2.10.0(2023-02-01); UpSetR 1.4.0(2019-05-22); uwot 0.2.3(2025-02-24); vctrs 0.6.5(2023-12-01); VennDiagram 1.7.3(2022-04-12); viper 1.42.0(2025-04-15); vipor 0.4.7(2023-12-18); viridis 0.6.5(2024-01-29); viridisLite 0.4.2(2023-05-02); withr 3.0.2(2024-10-28); xfun 0.52(2025-04-02); XML 3.99-0.18(2025-01-01); xml2 1.3.8(2025-03-14); xtable 1.8-4(2019-04-21); XVector 0.48.0(2025-04-15); yaml 2.3.10(2024-07-26); yulab.utils 0.2.0(2025-01-29); zip 2.3.3(2025-05-13); zoo 1.8-14(2025-04-10)
[2025-07-31 14:27:35] [INFO]    [OmnipathR] CURL: version: 8.14.1; headers: 8.14.1; ssl_version: (OpenSSL/3.5.0) Schannel; libz_version: 1.3; libssh_version: libssh2/1.11.0; libidn_version: NA; host: x86_64-w64-mingw32; protocols: dict, file, ftp, ftps, gopher, gophers, http, https, imap, imaps, ldap, ldaps, mqtt, pop3, pop3s, rtsp, scp, sftp, smb, smbs, smtp, smtps, telnet, tftp, ws, wss; ipv6: TRUE; http2: TRUE; idn: TRUE; url_parser: TRUE
[2025-07-31 14:27:35] [TRACE]   [OmnipathR] Reading JSON from `C:/Users/kailasamms/AppData/Local/R/win-library/4.5/OmnipathR/db/db_def.json` (encoding: UTF-8).
[2025-07-31 14:27:35] [TRACE]   [OmnipathR] JSON validation successful: TRUE
[2025-07-31 14:27:35] [TRACE]   [OmnipathR] Reading JSON from `C:/Users/kailasamms/AppData/Local/R/win-library/4.5/OmnipathR/internal/magic_bytes.json` (encoding: UTF-8).
[2025-07-31 14:27:35] [TRACE]   [OmnipathR] JSON validation successful: TRUE
[2025-07-31 14:27:35] [TRACE]   [OmnipathR] Reading JSON from `C:/Users/kailasamms/AppData/Local/R/win-library/4.5/OmnipathR/internal/urls.json` (encoding: UTF-8).
[2025-07-31 14:27:35] [TRACE]   [OmnipathR] JSON validation successful: TRUE
[2025-07-31 14:27:35] [TRACE]   [OmnipathR] Reading JSON from `C:/Users/kailasamms/AppData/Local/R/win-library/4.5/OmnipathR/internal/id_types.json` (encoding: UTF-8).
[2025-07-31 14:27:35] [TRACE]   [OmnipathR] JSON validation successful: TRUE
[2025-07-31 14:27:36] [TRACE]   [OmnipathR] Reading JSON from `https://omnipathdb.org/resources` (encoding: UTF-8).
[2025-07-31 14:27:36] [TRACE]   [OmnipathR] JSON validation successful: TRUE
[2025-07-31 14:27:36] [INFO]    [OmnipathR] Loading database `Ensembl and OMA organism names`.
[2025-07-31 14:27:36] [INFO]    [OmnipathR] Looking up in cache `https://www.ensembl.org/info/about/species.html`: key=7332486db7400730697234bad76ca0c8e4d00799, latest version=1.
[2025-07-31 14:27:36] [TRACE]   [OmnipathR] Cache file path: C:\Users\KAILAS~1\AppData\Local\Cache\OmnipathR/7332486db7400730697234bad76ca0c8e4d00799-1.html
[2025-07-31 14:27:36] [TRACE]   [OmnipathR] Downloading by `generic_downloader`.
[2025-07-31 14:27:37] [TRACE]   [OmnipathR] Looking up in cache: `https://omabrowser.org/All/oma-species.txt`.
[2025-07-31 14:27:37] [TRACE]   [OmnipathR] Loaded data from RDS `C:\Users\KAILAS~1\AppData\Local\Cache\OmnipathR/30e690cbb55dfc63b5903ab337f34ffc2f4be397-1.rds`.
[2025-07-31 14:27:37] [INFO]    [OmnipathR] Loaded database `Ensembl and OMA organism names`.
[2025-07-31 14:27:37] [TRACE]   [OmnipathR] Processing args for OmniPath query
[2025-07-31 14:27:37] [TRACE]   [OmnipathR] Arguments for OmniPath query: [wide=TRUE,resources=PROGENy,query_type=annotations]
[2025-07-31 14:27:37] [TRACE]   [OmnipathR] Organism(s): 9606
[2025-07-31 14:27:37] [TRACE]   [OmnipathR] Orthology targets: 
[2025-07-31 14:27:38] [TRACE]   [OmnipathR] Reading JSON from `https://omnipathdb.org/resources` (encoding: UTF-8).
[2025-07-31 14:27:38] [TRACE]   [OmnipathR] JSON validation successful: TRUE
[2025-07-31 14:27:38] [TRACE]   [OmnipathR] Looking up in cache: `https://omnipathdb.org/annotations?resources=PROGENy&license=academic`
[2025-07-31 14:27:51] [TRACE]   [OmnipathR] Reading JSON from `https://omnipathdb.org/resources` (encoding: UTF-8).
[2025-07-31 14:27:51] [TRACE]   [OmnipathR] JSON validation successful: TRUE
[2025-07-31 14:27:51] [TRACE]   [OmnipathR] Processing args for OmniPath query
[2025-07-31 14:27:51] [TRACE]   [OmnipathR] Arguments for OmniPath query: [wide=TRUE,resources=PROGENy,query_type=annotations]
[2025-07-31 14:27:51] [TRACE]   [OmnipathR] Organism(s): 9606
[2025-07-31 14:27:51] [TRACE]   [OmnipathR] Orthology targets: 
[2025-07-31 14:27:52] [TRACE]   [OmnipathR] Reading JSON from `https://omnipathdb.org/resources` (encoding: UTF-8).
[2025-07-31 14:27:52] [TRACE]   [OmnipathR] JSON validation successful: TRUE
[2025-07-31 14:27:52] [TRACE]   [OmnipathR] Looking up in cache: `https://omnipathdb.org/annotations?resources=PROGENy&license=academic`
[2025-07-31 14:27:53] [TRACE]   [OmnipathR] Loaded data from RDS `C:\Users\KAILAS~1\AppData\Local\Cache\OmnipathR/3492392585ba05414edfae46801492076437d7e7-1.rds`.
[2025-07-31 14:27:53] [INFO]    [OmnipathR] Loaded from cache: `https://omnipathdb.org/annotations?resources=PROGENy&license=academic`
[2025-07-31 14:27:53] [SUCCESS] [OmnipathR] Loaded 700239 annotation records from cache.
[2025-07-31 14:27:53] [TRACE]   [OmnipathR] Processing args for OmniPath query
[2025-07-31 14:27:53] [TRACE]   [OmnipathR] Arguments for OmniPath query: [loops=TRUE,extra_attrs=TRUE,organisms=9606,genesymbols=TRUE,query_type=interactions,datasets=collectri]
[2025-07-31 14:27:53] [TRACE]   [OmnipathR] Organism(s): 9606
[2025-07-31 14:27:53] [TRACE]   [OmnipathR] Orthology targets: 
[2025-07-31 14:27:53] [TRACE]   [OmnipathR] Looking up in cache: `https://omnipathdb.org/interactions?genesymbols=yes&datasets=collectri&organisms=9606&fields=extra_attrs,sources,references,curation_effort&loops=yes&license=academic`
[2025-07-31 14:27:53] [TRACE]   [OmnipathR] Loaded data from RDS `C:\Users\KAILAS~1\AppData\Local\Cache\OmnipathR/76e3673f92890910194d45678b3125a5674920d6-1.rds`.
[2025-07-31 14:27:53] [INFO]    [OmnipathR] Loaded from cache: `https://omnipathdb.org/interactions?genesymbols=yes&datasets=collectri&organisms=9606&fields=extra_attrs,sources,references,curation_effort&loops=yes&license=academic`
[2025-07-31 14:27:53] [TRACE]   [OmnipathR] Converting JSON column `extra_attrs` to list.
[2025-07-31 14:27:55] [SUCCESS] [OmnipathR] Loaded 64958 interactions from cache.
[2025-07-31 14:27:55] [TRACE]   [OmnipathR] Processing args for OmniPath query
[2025-07-31 14:27:55] [TRACE]   [OmnipathR] Arguments for OmniPath query: [genesymbols=TRUE,resources=CollecTRI,strict_evidences=TRUE,extra_attrs=TRUE,query_type=interactions,datasets=tf_mirna]
[2025-07-31 14:27:55] [TRACE]   [OmnipathR] Organism(s): 9606
[2025-07-31 14:27:55] [TRACE]   [OmnipathR] Orthology targets: 
[2025-07-31 14:27:56] [TRACE]   [OmnipathR] Reading JSON from `https://omnipathdb.org/resources` (encoding: UTF-8).
[2025-07-31 14:27:56] [TRACE]   [OmnipathR] JSON validation successful: TRUE
[2025-07-31 14:27:56] [TRACE]   [OmnipathR] Looking up in cache: `https://omnipathdb.org/interactions?genesymbols=yes&resources=CollecTRI&datasets=tf_mirna&organisms=9606&fields=extra_attrs,evidences,sources,references,curation_effort&license=academic`
[2025-07-31 14:27:56] [TRACE]   [OmnipathR] Loaded data from RDS `C:\Users\KAILAS~1\AppData\Local\Cache\OmnipathR/911416570c2aaa914be32ebf7b85e1eb3d1ff162-1.rds`.
[2025-07-31 14:27:56] [INFO]    [OmnipathR] Loaded from cache: `https://omnipathdb.org/interactions?genesymbols=yes&resources=CollecTRI&datasets=tf_mirna&organisms=9606&fields=extra_attrs,evidences,sources,references,curation_effort&license=academic`
[2025-07-31 14:27:56] [TRACE]   [OmnipathR] Converting JSON column `extra_attrs` to list.
[2025-07-31 14:27:56] [TRACE]   [OmnipathR] Converting JSON column `evidences` to list.
[2025-07-31 14:27:56] [TRACE]   [OmnipathR] Restricting interaction records to datasets: tf_mirna; and resources: CollecTRI
[2025-07-31 14:27:56] [TRACE]   [OmnipathR] Filtering evidence columns: positive, negative, directed, undirected; to datasets: tf_mirna; and resources: CollecTRI; excluding resources: none
[2025-07-31 14:27:56] [SUCCESS] [OmnipathR] Loaded 232 interactions from cache.
[2025-07-31 14:43:10] [TRACE]   [OmnipathR] Reading JSON from `https://omnipathdb.org/resources` (encoding: UTF-8).
[2025-07-31 14:43:10] [TRACE]   [OmnipathR] JSON validation successful: TRUE
[2025-07-31 14:43:10] [TRACE]   [OmnipathR] Processing args for OmniPath query
[2025-07-31 14:43:10] [TRACE]   [OmnipathR] Arguments for OmniPath query: [wide=TRUE,resources=PROGENy,query_type=annotations]
[2025-07-31 14:43:10] [TRACE]   [OmnipathR] Organism(s): 9606
[2025-07-31 14:43:10] [TRACE]   [OmnipathR] Orthology targets: 
[2025-07-31 14:43:11] [TRACE]   [OmnipathR] Reading JSON from `https://omnipathdb.org/resources` (encoding: UTF-8).
[2025-07-31 14:43:11] [TRACE]   [OmnipathR] JSON validation successful: TRUE
[2025-07-31 14:43:11] [TRACE]   [OmnipathR] Looking up in cache: `https://omnipathdb.org/annotations?resources=PROGENy&license=academic`
[2025-07-31 14:43:12] [TRACE]   [OmnipathR] Loaded data from RDS `C:\Users\KAILAS~1\AppData\Local\Cache\OmnipathR/3492392585ba05414edfae46801492076437d7e7-1.rds`.
[2025-07-31 14:43:12] [INFO]    [OmnipathR] Loaded from cache: `https://omnipathdb.org/annotations?resources=PROGENy&license=academic`
[2025-07-31 14:43:12] [SUCCESS] [OmnipathR] Loaded 700239 annotation records from cache.
[2025-07-31 14:43:12] [TRACE]   [OmnipathR] Processing args for OmniPath query
[2025-07-31 14:43:12] [TRACE]   [OmnipathR] Arguments for OmniPath query: [loops=TRUE,extra_attrs=TRUE,organisms=9606,genesymbols=TRUE,query_type=interactions,datasets=collectri]
[2025-07-31 14:43:12] [TRACE]   [OmnipathR] Organism(s): 9606
[2025-07-31 14:43:12] [TRACE]   [OmnipathR] Orthology targets: 
[2025-07-31 14:43:12] [TRACE]   [OmnipathR] Looking up in cache: `https://omnipathdb.org/interactions?genesymbols=yes&datasets=collectri&organisms=9606&fields=extra_attrs,sources,references,curation_effort&loops=yes&license=academic`
[2025-07-31 14:43:12] [TRACE]   [OmnipathR] Loaded data from RDS `C:\Users\KAILAS~1\AppData\Local\Cache\OmnipathR/76e3673f92890910194d45678b3125a5674920d6-1.rds`.
[2025-07-31 14:43:12] [INFO]    [OmnipathR] Loaded from cache: `https://omnipathdb.org/interactions?genesymbols=yes&datasets=collectri&organisms=9606&fields=extra_attrs,sources,references,curation_effort&loops=yes&license=academic`
[2025-07-31 14:43:12] [TRACE]   [OmnipathR] Converting JSON column `extra_attrs` to list.
[2025-07-31 14:43:14] [SUCCESS] [OmnipathR] Loaded 64958 interactions from cache.
[2025-07-31 14:43:14] [TRACE]   [OmnipathR] Processing args for OmniPath query
[2025-07-31 14:43:14] [TRACE]   [OmnipathR] Arguments for OmniPath query: [genesymbols=TRUE,resources=CollecTRI,strict_evidences=TRUE,extra_attrs=TRUE,query_type=interactions,datasets=tf_mirna]
[2025-07-31 14:43:14] [TRACE]   [OmnipathR] Organism(s): 9606
[2025-07-31 14:43:14] [TRACE]   [OmnipathR] Orthology targets: 
[2025-07-31 14:43:15] [TRACE]   [OmnipathR] Reading JSON from `https://omnipathdb.org/resources` (encoding: UTF-8).
[2025-07-31 14:43:15] [TRACE]   [OmnipathR] JSON validation successful: TRUE
[2025-07-31 14:43:15] [TRACE]   [OmnipathR] Looking up in cache: `https://omnipathdb.org/interactions?genesymbols=yes&resources=CollecTRI&datasets=tf_mirna&organisms=9606&fields=extra_attrs,evidences,sources,references,curation_effort&license=academic`
[2025-07-31 14:43:15] [TRACE]   [OmnipathR] Loaded data from RDS `C:\Users\KAILAS~1\AppData\Local\Cache\OmnipathR/911416570c2aaa914be32ebf7b85e1eb3d1ff162-1.rds`.
[2025-07-31 14:43:15] [INFO]    [OmnipathR] Loaded from cache: `https://omnipathdb.org/interactions?genesymbols=yes&resources=CollecTRI&datasets=tf_mirna&organisms=9606&fields=extra_attrs,evidences,sources,references,curation_effort&license=academic`
[2025-07-31 14:43:15] [TRACE]   [OmnipathR] Converting JSON column `extra_attrs` to list.
[2025-07-31 14:43:15] [TRACE]   [OmnipathR] Converting JSON column `evidences` to list.
[2025-07-31 14:43:15] [TRACE]   [OmnipathR] Restricting interaction records to datasets: tf_mirna; and resources: CollecTRI
[2025-07-31 14:43:15] [TRACE]   [OmnipathR] Filtering evidence columns: positive, negative, directed, undirected; to datasets: tf_mirna; and resources: CollecTRI; excluding resources: none
[2025-07-31 14:43:15] [SUCCESS] [OmnipathR] Loaded 232 interactions from cache.
[2025-07-31 14:45:50] [TRACE]   [OmnipathR] Reading JSON from `https://omnipathdb.org/resources` (encoding: UTF-8).
[2025-07-31 14:45:50] [TRACE]   [OmnipathR] JSON validation successful: TRUE
[2025-07-31 14:45:50] [TRACE]   [OmnipathR] Processing args for OmniPath query
[2025-07-31 14:45:50] [TRACE]   [OmnipathR] Arguments for OmniPath query: [wide=TRUE,resources=PROGENy,query_type=annotations]
[2025-07-31 14:45:50] [TRACE]   [OmnipathR] Organism(s): 9606
[2025-07-31 14:45:50] [TRACE]   [OmnipathR] Orthology targets: 
[2025-07-31 14:45:51] [TRACE]   [OmnipathR] Reading JSON from `https://omnipathdb.org/resources` (encoding: UTF-8).
[2025-07-31 14:45:51] [TRACE]   [OmnipathR] JSON validation successful: TRUE
[2025-07-31 14:45:51] [TRACE]   [OmnipathR] Looking up in cache: `https://omnipathdb.org/annotations?resources=PROGENy&license=academic`
[2025-07-31 14:45:51] [TRACE]   [OmnipathR] Loaded data from RDS `C:\Users\KAILAS~1\AppData\Local\Cache\OmnipathR/3492392585ba05414edfae46801492076437d7e7-1.rds`.
[2025-07-31 14:45:51] [INFO]    [OmnipathR] Loaded from cache: `https://omnipathdb.org/annotations?resources=PROGENy&license=academic`
[2025-07-31 14:45:51] [SUCCESS] [OmnipathR] Loaded 700239 annotation records from cache.
[2025-07-31 14:45:52] [TRACE]   [OmnipathR] Processing args for OmniPath query
[2025-07-31 14:45:52] [TRACE]   [OmnipathR] Arguments for OmniPath query: [loops=TRUE,extra_attrs=TRUE,organisms=9606,genesymbols=TRUE,query_type=interactions,datasets=collectri]
[2025-07-31 14:45:52] [TRACE]   [OmnipathR] Organism(s): 9606
[2025-07-31 14:45:52] [TRACE]   [OmnipathR] Orthology targets: 
[2025-07-31 14:45:52] [TRACE]   [OmnipathR] Looking up in cache: `https://omnipathdb.org/interactions?genesymbols=yes&datasets=collectri&organisms=9606&fields=extra_attrs,sources,references,curation_effort&loops=yes&license=academic`
[2025-07-31 14:45:52] [TRACE]   [OmnipathR] Loaded data from RDS `C:\Users\KAILAS~1\AppData\Local\Cache\OmnipathR/76e3673f92890910194d45678b3125a5674920d6-1.rds`.
[2025-07-31 14:45:52] [INFO]    [OmnipathR] Loaded from cache: `https://omnipathdb.org/interactions?genesymbols=yes&datasets=collectri&organisms=9606&fields=extra_attrs,sources,references,curation_effort&loops=yes&license=academic`
[2025-07-31 14:45:52] [TRACE]   [OmnipathR] Converting JSON column `extra_attrs` to list.
[2025-07-31 14:45:53] [SUCCESS] [OmnipathR] Loaded 64958 interactions from cache.
[2025-07-31 14:45:53] [TRACE]   [OmnipathR] Processing args for OmniPath query
[2025-07-31 14:45:53] [TRACE]   [OmnipathR] Arguments for OmniPath query: [genesymbols=TRUE,resources=CollecTRI,strict_evidences=TRUE,extra_attrs=TRUE,query_type=interactions,datasets=tf_mirna]
[2025-07-31 14:45:53] [TRACE]   [OmnipathR] Organism(s): 9606
[2025-07-31 14:45:53] [TRACE]   [OmnipathR] Orthology targets: 
[2025-07-31 14:45:54] [TRACE]   [OmnipathR] Reading JSON from `https://omnipathdb.org/resources` (encoding: UTF-8).
[2025-07-31 14:45:54] [TRACE]   [OmnipathR] JSON validation successful: TRUE
[2025-07-31 14:45:54] [TRACE]   [OmnipathR] Looking up in cache: `https://omnipathdb.org/interactions?genesymbols=yes&resources=CollecTRI&datasets=tf_mirna&organisms=9606&fields=extra_attrs,evidences,sources,references,curation_effort&license=academic`
[2025-07-31 14:45:54] [TRACE]   [OmnipathR] Loaded data from RDS `C:\Users\KAILAS~1\AppData\Local\Cache\OmnipathR/911416570c2aaa914be32ebf7b85e1eb3d1ff162-1.rds`.
[2025-07-31 14:45:54] [INFO]    [OmnipathR] Loaded from cache: `https://omnipathdb.org/interactions?genesymbols=yes&resources=CollecTRI&datasets=tf_mirna&organisms=9606&fields=extra_attrs,evidences,sources,references,curation_effort&license=academic`
[2025-07-31 14:45:54] [TRACE]   [OmnipathR] Converting JSON column `extra_attrs` to list.
[2025-07-31 14:45:54] [TRACE]   [OmnipathR] Converting JSON column `evidences` to list.
[2025-07-31 14:45:54] [TRACE]   [OmnipathR] Restricting interaction records to datasets: tf_mirna; and resources: CollecTRI
[2025-07-31 14:45:54] [TRACE]   [OmnipathR] Filtering evidence columns: positive, negative, directed, undirected; to datasets: tf_mirna; and resources: CollecTRI; excluding resources: none
[2025-07-31 14:45:55] [SUCCESS] [OmnipathR] Loaded 232 interactions from cache.
[2025-07-31 15:29:36] [TRACE]   [OmnipathR] Reading JSON from `https://omnipathdb.org/resources` (encoding: UTF-8).
[2025-07-31 15:29:36] [TRACE]   [OmnipathR] JSON validation successful: TRUE
[2025-07-31 15:29:36] [TRACE]   [OmnipathR] Processing args for OmniPath query
[2025-07-31 15:29:36] [TRACE]   [OmnipathR] Arguments for OmniPath query: [wide=TRUE,resources=PROGENy,query_type=annotations]
[2025-07-31 15:29:36] [TRACE]   [OmnipathR] Organism(s): 9606
[2025-07-31 15:29:36] [TRACE]   [OmnipathR] Orthology targets: 
[2025-07-31 15:29:37] [TRACE]   [OmnipathR] Reading JSON from `https://omnipathdb.org/resources` (encoding: UTF-8).
[2025-07-31 15:29:37] [TRACE]   [OmnipathR] JSON validation successful: TRUE
[2025-07-31 15:29:37] [TRACE]   [OmnipathR] Looking up in cache: `https://omnipathdb.org/annotations?resources=PROGENy&license=academic`
[2025-07-31 15:29:37] [TRACE]   [OmnipathR] Loaded data from RDS `C:\Users\KAILAS~1\AppData\Local\Cache\OmnipathR/3492392585ba05414edfae46801492076437d7e7-1.rds`.
[2025-07-31 15:29:37] [INFO]    [OmnipathR] Loaded from cache: `https://omnipathdb.org/annotations?resources=PROGENy&license=academic`
[2025-07-31 15:29:37] [SUCCESS] [OmnipathR] Loaded 700239 annotation records from cache.
[2025-07-31 15:29:38] [TRACE]   [OmnipathR] Processing args for OmniPath query
[2025-07-31 15:29:38] [TRACE]   [OmnipathR] Arguments for OmniPath query: [loops=TRUE,extra_attrs=TRUE,organisms=9606,genesymbols=TRUE,query_type=interactions,datasets=collectri]
[2025-07-31 15:29:38] [TRACE]   [OmnipathR] Organism(s): 9606
[2025-07-31 15:29:38] [TRACE]   [OmnipathR] Orthology targets: 
[2025-07-31 15:29:38] [TRACE]   [OmnipathR] Looking up in cache: `https://omnipathdb.org/interactions?genesymbols=yes&datasets=collectri&organisms=9606&fields=extra_attrs,sources,references,curation_effort&loops=yes&license=academic`
[2025-07-31 15:29:38] [TRACE]   [OmnipathR] Loaded data from RDS `C:\Users\KAILAS~1\AppData\Local\Cache\OmnipathR/76e3673f92890910194d45678b3125a5674920d6-1.rds`.
[2025-07-31 15:29:38] [INFO]    [OmnipathR] Loaded from cache: `https://omnipathdb.org/interactions?genesymbols=yes&datasets=collectri&organisms=9606&fields=extra_attrs,sources,references,curation_effort&loops=yes&license=academic`
[2025-07-31 15:29:38] [TRACE]   [OmnipathR] Converting JSON column `extra_attrs` to list.
[2025-07-31 15:29:40] [SUCCESS] [OmnipathR] Loaded 64958 interactions from cache.
[2025-07-31 15:29:40] [TRACE]   [OmnipathR] Processing args for OmniPath query
[2025-07-31 15:29:40] [TRACE]   [OmnipathR] Arguments for OmniPath query: [genesymbols=TRUE,resources=CollecTRI,strict_evidences=TRUE,extra_attrs=TRUE,query_type=interactions,datasets=tf_mirna]
[2025-07-31 15:29:40] [TRACE]   [OmnipathR] Organism(s): 9606
[2025-07-31 15:29:40] [TRACE]   [OmnipathR] Orthology targets: 
[2025-07-31 15:29:41] [TRACE]   [OmnipathR] Reading JSON from `https://omnipathdb.org/resources` (encoding: UTF-8).
[2025-07-31 15:29:41] [TRACE]   [OmnipathR] JSON validation successful: TRUE
[2025-07-31 15:29:41] [TRACE]   [OmnipathR] Looking up in cache: `https://omnipathdb.org/interactions?genesymbols=yes&resources=CollecTRI&datasets=tf_mirna&organisms=9606&fields=extra_attrs,evidences,sources,references,curation_effort&license=academic`
[2025-07-31 15:29:41] [TRACE]   [OmnipathR] Loaded data from RDS `C:\Users\KAILAS~1\AppData\Local\Cache\OmnipathR/911416570c2aaa914be32ebf7b85e1eb3d1ff162-1.rds`.
[2025-07-31 15:29:41] [INFO]    [OmnipathR] Loaded from cache: `https://omnipathdb.org/interactions?genesymbols=yes&resources=CollecTRI&datasets=tf_mirna&organisms=9606&fields=extra_attrs,evidences,sources,references,curation_effort&license=academic`
[2025-07-31 15:29:41] [TRACE]   [OmnipathR] Converting JSON column `extra_attrs` to list.
[2025-07-31 15:29:41] [TRACE]   [OmnipathR] Converting JSON column `evidences` to list.
[2025-07-31 15:29:41] [TRACE]   [OmnipathR] Restricting interaction records to datasets: tf_mirna; and resources: CollecTRI
[2025-07-31 15:29:41] [TRACE]   [OmnipathR] Filtering evidence columns: positive, negative, directed, undirected; to datasets: tf_mirna; and resources: CollecTRI; excluding resources: none
[2025-07-31 15:29:41] [SUCCESS] [OmnipathR] Loaded 232 interactions from cache.
[2025-08-01 13:02:27] [TRACE]   [OmnipathR] Reading JSON from `https://omnipathdb.org/resources` (encoding: UTF-8).
[2025-08-01 13:02:27] [TRACE]   [OmnipathR] JSON validation successful: TRUE
[2025-08-01 13:02:27] [TRACE]   [OmnipathR] Processing args for OmniPath query
[2025-08-01 13:02:27] [TRACE]   [OmnipathR] Arguments for OmniPath query: [wide=TRUE,resources=PROGENy,query_type=annotations]
[2025-08-01 13:02:27] [TRACE]   [OmnipathR] Organism(s): 9606
[2025-08-01 13:02:27] [TRACE]   [OmnipathR] Orthology targets: 
[2025-08-01 13:02:28] [TRACE]   [OmnipathR] Reading JSON from `https://omnipathdb.org/resources` (encoding: UTF-8).
[2025-08-01 13:02:28] [TRACE]   [OmnipathR] JSON validation successful: TRUE
[2025-08-01 13:02:28] [TRACE]   [OmnipathR] Looking up in cache: `https://omnipathdb.org/annotations?resources=PROGENy&license=academic`
[2025-08-01 13:02:29] [TRACE]   [OmnipathR] Loaded data from RDS `C:\Users\KAILAS~1\AppData\Local\Cache\OmnipathR/3492392585ba05414edfae46801492076437d7e7-1.rds`.
[2025-08-01 13:02:29] [INFO]    [OmnipathR] Loaded from cache: `https://omnipathdb.org/annotations?resources=PROGENy&license=academic`
[2025-08-01 13:02:29] [SUCCESS] [OmnipathR] Loaded 700239 annotation records from cache.
[2025-08-01 13:02:29] [TRACE]   [OmnipathR] Processing args for OmniPath query
[2025-08-01 13:02:29] [TRACE]   [OmnipathR] Arguments for OmniPath query: [loops=TRUE,extra_attrs=TRUE,organisms=9606,genesymbols=TRUE,query_type=interactions,datasets=collectri]
[2025-08-01 13:02:29] [TRACE]   [OmnipathR] Organism(s): 9606
[2025-08-01 13:02:29] [TRACE]   [OmnipathR] Orthology targets: 
[2025-08-01 13:02:29] [TRACE]   [OmnipathR] Looking up in cache: `https://omnipathdb.org/interactions?genesymbols=yes&datasets=collectri&organisms=9606&fields=extra_attrs,sources,references,curation_effort&loops=yes&license=academic`
[2025-08-01 13:02:29] [TRACE]   [OmnipathR] Loaded data from RDS `C:\Users\KAILAS~1\AppData\Local\Cache\OmnipathR/76e3673f92890910194d45678b3125a5674920d6-1.rds`.
[2025-08-01 13:02:29] [INFO]    [OmnipathR] Loaded from cache: `https://omnipathdb.org/interactions?genesymbols=yes&datasets=collectri&organisms=9606&fields=extra_attrs,sources,references,curation_effort&loops=yes&license=academic`
[2025-08-01 13:02:29] [TRACE]   [OmnipathR] Converting JSON column `extra_attrs` to list.
[2025-08-01 13:02:31] [SUCCESS] [OmnipathR] Loaded 64958 interactions from cache.
[2025-08-01 13:02:31] [TRACE]   [OmnipathR] Processing args for OmniPath query
[2025-08-01 13:02:31] [TRACE]   [OmnipathR] Arguments for OmniPath query: [genesymbols=TRUE,resources=CollecTRI,strict_evidences=TRUE,extra_attrs=TRUE,query_type=interactions,datasets=tf_mirna]
[2025-08-01 13:02:31] [TRACE]   [OmnipathR] Organism(s): 9606
[2025-08-01 13:02:31] [TRACE]   [OmnipathR] Orthology targets: 
[2025-08-01 13:02:32] [TRACE]   [OmnipathR] Reading JSON from `https://omnipathdb.org/resources` (encoding: UTF-8).
[2025-08-01 13:02:32] [TRACE]   [OmnipathR] JSON validation successful: TRUE
[2025-08-01 13:02:32] [TRACE]   [OmnipathR] Looking up in cache: `https://omnipathdb.org/interactions?genesymbols=yes&resources=CollecTRI&datasets=tf_mirna&organisms=9606&fields=extra_attrs,evidences,sources,references,curation_effort&license=academic`
[2025-08-01 13:02:32] [TRACE]   [OmnipathR] Loaded data from RDS `C:\Users\KAILAS~1\AppData\Local\Cache\OmnipathR/911416570c2aaa914be32ebf7b85e1eb3d1ff162-1.rds`.
[2025-08-01 13:02:32] [INFO]    [OmnipathR] Loaded from cache: `https://omnipathdb.org/interactions?genesymbols=yes&resources=CollecTRI&datasets=tf_mirna&organisms=9606&fields=extra_attrs,evidences,sources,references,curation_effort&license=academic`
[2025-08-01 13:02:32] [TRACE]   [OmnipathR] Converting JSON column `extra_attrs` to list.
[2025-08-01 13:02:32] [TRACE]   [OmnipathR] Converting JSON column `evidences` to list.
[2025-08-01 13:02:32] [TRACE]   [OmnipathR] Restricting interaction records to datasets: tf_mirna; and resources: CollecTRI
[2025-08-01 13:02:32] [TRACE]   [OmnipathR] Filtering evidence columns: positive, negative, directed, undirected; to datasets: tf_mirna; and resources: CollecTRI; excluding resources: none
[2025-08-01 13:02:32] [SUCCESS] [OmnipathR] Loaded 232 interactions from cache.
